0 silly argv {
0 silly argv   _: [ 'run' ],
0 silly argv   stream: true,
0 silly argv   lernaVersion: '4.0.0',
0 silly argv   '$0': '/Users/lukeriley/Documents/Github_Code/SDKs/overledger-sdk-javascript-v2/node_modules/.bin/lerna',
0 silly argv   script: 'test'
0 silly argv }
1 notice cli v4.0.0
2 verbose rootPath /Users/lukeriley/Documents/Github_Code/SDKs/overledger-sdk-javascript-v2
3 error JSONError: Unexpected token "}" (0x7D) in JSON at position 1434 while parsing near "...s dotenv/config\",\n  }\n}\n" in packages/overledger-aws-provider/package.json
3 error
3 error [0m [90m 37 |[39m   [32m"scripts"[39m[33m:[39m {[0m
3 error [0m [90m 38 |[39m     [32m"test"[39m[33m:[39m [32m"jest --setupFiles dotenv/config"[39m[33m,[39m[0m
3 error [0m[31m[1m>[22m[39m[90m 39 |[39m   }[0m
3 error [0m [90m    |[39m   [31m[1m^[22m[39m[0m
3 error [0m [90m 40 |[39m }[0m
3 error [0m [90m 41 |[39m[0m
3 error
3 error     at parseJson (/Users/lukeriley/Documents/Github_Code/SDKs/overledger-sdk-javascript-v2/node_modules/parse-json/index.js:29:21)
3 error     at parse (/Users/lukeriley/Documents/Github_Code/SDKs/overledger-sdk-javascript-v2/node_modules/load-json-file/index.js:15:9)
3 error     at module.exports (/Users/lukeriley/Documents/Github_Code/SDKs/overledger-sdk-javascript-v2/node_modules/load-json-file/index.js:18:47)
